<?xml version="1.0" encoding="UTF-8"?>
<!-- Generated by org.testng.reporters.JUnitXMLReporter -->
<testsuite ignored="0" hostname="LTIN215913" failures="1" tests="21" name="Test" time="222.082" errors="0" timestamp="2024-03-26T11:25:18 IST">
  <testcase classname="test_Cases.TS_Login" name="LoginClick" time="5.134"/>
  <testcase classname="test_Cases.TS_Login" name="InvalidLogin" time="5.853"/>
  <testcase classname="test_Cases.TS_Login" name="Error_Navigate" time="6.762"/>
  <testcase classname="test_Cases.TS_Login" name="LoginClickNew" time="2.704"/>
  <testcase classname="test_Cases.TS_Login" name="ValidLogin" time="9.594"/>
  <testcase classname="test_Cases.TS_1" name="Handle_Popup" time="6.488"/>
  <testcase classname="test_Cases.TS_1" name="Price_Setting" time="3.177"/>
  <testcase classname="test_Cases.TS_1" name="Storage_Stock" time="1.139"/>
  <testcase classname="test_Cases.TS_1" name="BookShelve" time="5.377"/>
  <testcase classname="test_Cases.TS_2" name="Popup_Handling" time="7.135"/>
  <testcase classname="test_Cases.TS_2" name="hover_price" time="2.865"/>
  <testcase classname="test_Cases.TS_2" name="Storage_Stock" time="0.868"/>
  <testcase classname="test_Cases.TS_2" name="select_Home_dkr" time="12.745">
    <failure type="org.openqa.selenium.TimeoutException" message="Expected condition failed: waiting for visibility of element located by By.xpath: //input[@id=&amp;apos;filters_brand_name_By_The_Home_Dekor&amp;apos;] (tried for 10 second(s) with 500 milliseconds interval)
Build info: version: &amp;apos;4.18.1&amp;apos;, revision: &amp;apos;b1d3319b48&amp;apos;
System info: os.name: &amp;apos;Windows 11&amp;apos;, os.arch: &amp;apos;amd64&amp;apos;, os.version: &amp;apos;10.0&amp;apos;, java.version: &amp;apos;17.0.9&amp;apos;
Driver info: org.openqa.selenium.chrome.ChromeDriver
Capabilities {acceptInsecureCerts: false, browserName: chrome, browserVersion: 120.0.6099.130, chrome: {chromedriverVersion: 120.0.6099.109 (3419140ab66..., userDataDir: C:\Windows\SystemTemp\scope...}, fedcm:accounts: true, goog:chromeOptions: {debuggerAddress: localhost:58267}, networkConnectionEnabled: false, pageLoadStrategy: normal, platformName: windows, proxy: Proxy(), se:cdp: ws://localhost:58267/devtoo..., se:cdpVersion: 120.0.6099.130, setWindowRect: true, strictFileInteractability: false, timeouts: {implicit: 0, pageLoad: 300000, script: 30000}, unhandledPromptBehavior: dismiss and notify, webauthn:extension:credBlob: true, webauthn:extension:largeBlob: true, webauthn:extension:minPinLength: true, webauthn:extension:prf: true, webauthn:virtualAuthenticators: true}
Session ID: a77086d7cba3f361432f969f612445f5">
      <![CDATA[org.openqa.selenium.TimeoutException: Expected condition failed: waiting for visibility of element located by By.xpath: //input[@id='filters_brand_name_By_The_Home_Dekor'] (tried for 10 second(s) with 500 milliseconds interval)
Build info: version: '4.18.1', revision: 'b1d3319b48'
System info: os.name: 'Windows 11', os.arch: 'amd64', os.version: '10.0', java.version: '17.0.9'
Driver info: org.openqa.selenium.chrome.ChromeDriver
Capabilities {acceptInsecureCerts: false, browserName: chrome, browserVersion: 120.0.6099.130, chrome: {chromedriverVersion: 120.0.6099.109 (3419140ab66..., userDataDir: C:\Windows\SystemTemp\scope...}, fedcm:accounts: true, goog:chromeOptions: {debuggerAddress: localhost:58267}, networkConnectionEnabled: false, pageLoadStrategy: normal, platformName: windows, proxy: Proxy(), se:cdp: ws://localhost:58267/devtoo..., se:cdpVersion: 120.0.6099.130, setWindowRect: true, strictFileInteractability: false, timeouts: {implicit: 0, pageLoad: 300000, script: 30000}, unhandledPromptBehavior: dismiss and notify, webauthn:extension:credBlob: true, webauthn:extension:largeBlob: true, webauthn:extension:minPinLength: true, webauthn:extension:prf: true, webauthn:virtualAuthenticators: true}
Session ID: a77086d7cba3f361432f969f612445f5
at org.openqa.selenium.support.ui.WebDriverWait.timeoutException(WebDriverWait.java:84)
at org.openqa.selenium.support.ui.FluentWait.until(FluentWait.java:228)
at pageObjects.Home_Page.Home(Home_Page.java:133)
at test_Cases.TS_2.select_Home_dkr(TS_2.java:57)
at java.base/java.util.ArrayList.forEach(ArrayList.java:1511)
... Removed 27 stack frames]]>
    </failure>
  </testcase> <!-- select_Home_dkr -->
  <testcase classname="test_Cases.TS_2" name="Print_Book2" time="2.752"/>
  <testcase classname="test_Cases.TS_2" name="print_collection" time="3.193"/>
  <testcase classname="test_Cases.TS_3" name="click_gift_card" time="15.687"/>
  <testcase classname="test_Cases.TS_3" name="click_bNa" time="0.459"/>
  <testcase classname="test_Cases.TS_3" name="gift_info" time="4.395"/>
  <testcase classname="test_Cases.TS_3" name="recipient_info" time="1.459"/>
  <testcase classname="test_Cases.TS_3" name="senders_info" time="1.366"/>
  <testcase classname="test_Cases.TS_3" name="error_info" time="0.048"/>
</testsuite> <!-- Test -->
