<html>
<head>
<title>TestNG:  Test</title>
<link href="../testng.css" rel="stylesheet" type="text/css" />
<link href="../my-testng.css" rel="stylesheet" type="text/css" />

<style type="text/css">
.log { display: none;} 
.stack-trace { display: none;} 
</style>
<script type="text/javascript">
<!--
function flip(e) {
  current = e.style.display;
  if (current == 'block') {
    e.style.display = 'none';
    return 0;
  }
  else {
    e.style.display = 'block';
    return 1;
  }
}

function toggleBox(szDivId, elem, msg1, msg2)
{
  var res = -1;  if (document.getElementById) {
    res = flip(document.getElementById(szDivId));
  }
  else if (document.all) {
    // this is the way old msie versions work
    res = flip(document.all[szDivId]);
  }
  if(elem) {
    if(res == 0) elem.innerHTML = msg1; else elem.innerHTML = msg2;
  }

}

function toggleAllBoxes() {
  if (document.getElementsByTagName) {
    d = document.getElementsByTagName('div');
    for (i = 0; i < d.length; i++) {
      if (d[i].className == 'log') {
        flip(d[i]);
      }
    }
  }
}

// -->
</script>

</head>
<body>
<h2 align='center'>Test</h2><table border='1' align="center">
<tr>
<td>Tests passed/Failed/Skipped:</td><td>20/1/0</td>
</tr><tr>
<td>Started on:</td><td>Tue Mar 26 11:21:32 IST 2024</td>
</tr>
<tr><td>Total time:</td><td>222 seconds (222082 ms)</td>
</tr><tr>
<td>Included groups:</td><td></td>
</tr><tr>
<td>Excluded groups:</td><td></td>
</tr>
</table><p/>
<small><i>(Hover the method name to see the test class name)</i></small><p/>
<table width='100%' border='1' class='invocation-failed'>
<tr><td colspan='4' align='center'><b>FAILED TESTS</b></td></tr>
<tr><td><b>Test method</b></td>
<td><b>Attribute(s)</b></td>
<td width="30%"><b>Exception</b></td>
<td width="10%"><b>Time (seconds)</b></td>
<td><b>Instance</b></td>
</tr>
<tr>
<td title='test_Cases.TS_2.select_Home_dkr()'><b>select_Home_dkr</b><br>Test class: test_Cases.TS_2</td>
<td><div><pre>org.openqa.selenium.TimeoutException: Expected condition failed: waiting for visibility of element located by By.xpath: //input[@id=&apos;filters_brand_name_By_The_Home_Dekor&apos;] (tried for 10 second(s) with 500 milliseconds interval)
Build info: version: &apos;4.18.1&apos;, revision: &apos;b1d3319b48&apos;
System info: os.name: &apos;Windows 11&apos;, os.arch: &apos;amd64&apos;, os.version: &apos;10.0&apos;, java.version: &apos;17.0.9&apos;
Driver info: org.openqa.selenium.chrome.ChromeDriver
Capabilities {acceptInsecureCerts: false, browserName: chrome, browserVersion: 120.0.6099.130, chrome: {chromedriverVersion: 120.0.6099.109 (3419140ab66..., userDataDir: C:\Windows\SystemTemp\scope...}, fedcm:accounts: true, goog:chromeOptions: {debuggerAddress: localhost:58267}, networkConnectionEnabled: false, pageLoadStrategy: normal, platformName: windows, proxy: Proxy(), se:cdp: ws://localhost:58267/devtoo..., se:cdpVersion: 120.0.6099.130, setWindowRect: true, strictFileInteractability: false, timeouts: {implicit: 0, pageLoad: 300000, script: 30000}, unhandledPromptBehavior: dismiss and notify, webauthn:extension:credBlob: true, webauthn:extension:largeBlob: true, webauthn:extension:minPinLength: true, webauthn:extension:prf: true, webauthn:virtualAuthenticators: true}
Session ID: a77086d7cba3f361432f969f612445f5
	at org.openqa.selenium.support.ui.WebDriverWait.timeoutException(WebDriverWait.java:84)
	at org.openqa.selenium.support.ui.FluentWait.until(FluentWait.java:228)
	at pageObjects.Home_Page.Home(Home_Page.java:133)
	at test_Cases.TS_2.select_Home_dkr(TS_2.java:57)
	at java.base/java.util.ArrayList.forEach(ArrayList.java:1511)
... Removed 27 stack frames</pre></div><a href='#' onClick='toggleBox("stack-trace1078783335", this, "Click to show all stack frames", "Click to hide stack frames")'>Click to show all stack frames</a>
<div class='stack-trace' id='stack-trace1078783335'><pre>org.openqa.selenium.TimeoutException: Expected condition failed: waiting for visibility of element located by By.xpath: //input[@id=&apos;filters_brand_name_By_The_Home_Dekor&apos;] (tried for 10 second(s) with 500 milliseconds interval)
Build info: version: &apos;4.18.1&apos;, revision: &apos;b1d3319b48&apos;
System info: os.name: &apos;Windows 11&apos;, os.arch: &apos;amd64&apos;, os.version: &apos;10.0&apos;, java.version: &apos;17.0.9&apos;
Driver info: org.openqa.selenium.chrome.ChromeDriver
Capabilities {acceptInsecureCerts: false, browserName: chrome, browserVersion: 120.0.6099.130, chrome: {chromedriverVersion: 120.0.6099.109 (3419140ab66..., userDataDir: C:\Windows\SystemTemp\scope...}, fedcm:accounts: true, goog:chromeOptions: {debuggerAddress: localhost:58267}, networkConnectionEnabled: false, pageLoadStrategy: normal, platformName: windows, proxy: Proxy(), se:cdp: ws://localhost:58267/devtoo..., se:cdpVersion: 120.0.6099.130, setWindowRect: true, strictFileInteractability: false, timeouts: {implicit: 0, pageLoad: 300000, script: 30000}, unhandledPromptBehavior: dismiss and notify, webauthn:extension:credBlob: true, webauthn:extension:largeBlob: true, webauthn:extension:minPinLength: true, webauthn:extension:prf: true, webauthn:virtualAuthenticators: true}
Session ID: a77086d7cba3f361432f969f612445f5
	at org.openqa.selenium.support.ui.WebDriverWait.timeoutException(WebDriverWait.java:84)
	at org.openqa.selenium.support.ui.FluentWait.until(FluentWait.java:228)
	at pageObjects.Home_Page.Home(Home_Page.java:133)
	at test_Cases.TS_2.select_Home_dkr(TS_2.java:57)
	at java.base/jdk.internal.reflect.NativeMethodAccessorImpl.invoke0(Native Method)
	at java.base/jdk.internal.reflect.NativeMethodAccessorImpl.invoke(NativeMethodAccessorImpl.java:77)
	at java.base/jdk.internal.reflect.DelegatingMethodAccessorImpl.invoke(DelegatingMethodAccessorImpl.java:43)
	at java.base/java.lang.reflect.Method.invoke(Method.java:568)
	at org.testng.internal.invokers.MethodInvocationHelper.invokeMethod(MethodInvocationHelper.java:139)
	at org.testng.internal.invokers.TestInvoker.invokeMethod(TestInvoker.java:664)
	at org.testng.internal.invokers.TestInvoker.invokeTestMethod(TestInvoker.java:228)
	at org.testng.internal.invokers.MethodRunner.runInSequence(MethodRunner.java:63)
	at org.testng.internal.invokers.TestInvoker$MethodInvocationAgent.invoke(TestInvoker.java:961)
	at org.testng.internal.invokers.TestInvoker.invokeTestMethods(TestInvoker.java:201)
	at org.testng.internal.invokers.TestMethodWorker.invokeTestMethods(TestMethodWorker.java:148)
	at org.testng.internal.invokers.TestMethodWorker.run(TestMethodWorker.java:128)
	at java.base/java.util.ArrayList.forEach(ArrayList.java:1511)
	at org.testng.TestRunner.privateRun(TestRunner.java:819)
	at org.testng.TestRunner.run(TestRunner.java:619)
	at org.testng.SuiteRunner.runTest(SuiteRunner.java:443)
	at org.testng.SuiteRunner.runSequentially(SuiteRunner.java:437)
	at org.testng.SuiteRunner.privateRun(SuiteRunner.java:397)
	at org.testng.SuiteRunner.run(SuiteRunner.java:336)
	at org.testng.SuiteRunnerWorker.runSuite(SuiteRunnerWorker.java:52)
	at org.testng.SuiteRunnerWorker.run(SuiteRunnerWorker.java:95)
	at org.testng.TestNG.runSuitesSequentially(TestNG.java:1301)
	at org.testng.TestNG.runSuitesLocally(TestNG.java:1228)
	at org.testng.TestNG.runSuites(TestNG.java:1134)
	at org.testng.TestNG.run(TestNG.java:1101)
	at org.testng.remote.AbstractRemoteTestNG.run(AbstractRemoteTestNG.java:115)
	at org.testng.remote.RemoteTestNG.initAndRun(RemoteTestNG.java:251)
	at org.testng.remote.RemoteTestNG.main(RemoteTestNG.java:77)
</pre></div></td>
<td>12</td>
<td>test_Cases.TS_2@16eb3ea3</td></tr>
</table><p>
<table width='100%' border='1' class='invocation-passed'>
<tr><td colspan='4' align='center'><b>PASSED TESTS</b></td></tr>
<tr><td><b>Test method</b></td>
<td><b>Attribute(s)</b></td>
<td width="30%"><b>Exception</b></td>
<td width="10%"><b>Time (seconds)</b></td>
<td><b>Instance</b></td>
</tr>
<tr>
<td title='test_Cases.TS_2.print_collection()'><b>print_collection</b><br>Test class: test_Cases.TS_2</td>
<td></td>
<td>3</td>
<td>test_Cases.TS_2@16eb3ea3</td></tr>
<tr>
<td title='test_Cases.TS_1.Storage_Stock()'><b>Storage_Stock</b><br>Test class: test_Cases.TS_1</td>
<td></td>
<td>1</td>
<td>test_Cases.TS_1@413d1baf</td></tr>
<tr>
<td title='test_Cases.TS_3.error_info()'><b>error_info</b><br>Test class: test_Cases.TS_3</td>
<td></td>
<td>0</td>
<td>test_Cases.TS_3@273444fe</td></tr>
<tr>
<td title='test_Cases.TS_Login.LoginClickNew()'><b>LoginClickNew</b><br>Test class: test_Cases.TS_Login</td>
<td></td>
<td>2</td>
<td>test_Cases.TS_Login@48075da3</td></tr>
<tr>
<td title='test_Cases.TS_2.Print_Book2()'><b>Print_Book2</b><br>Test class: test_Cases.TS_2</td>
<td></td>
<td>2</td>
<td>test_Cases.TS_2@16eb3ea3</td></tr>
<tr>
<td title='test_Cases.TS_1.Price_Setting()'><b>Price_Setting</b><br>Test class: test_Cases.TS_1</td>
<td></td>
<td>3</td>
<td>test_Cases.TS_1@413d1baf</td></tr>
<tr>
<td title='test_Cases.TS_2.Popup_Handling()'><b>Popup_Handling</b><br>Test class: test_Cases.TS_2</td>
<td></td>
<td>7</td>
<td>test_Cases.TS_2@16eb3ea3</td></tr>
<tr>
<td title='test_Cases.TS_3.click_gift_card()'><b>click_gift_card</b><br>Test class: test_Cases.TS_3</td>
<td></td>
<td>15</td>
<td>test_Cases.TS_3@273444fe</td></tr>
<tr>
<td title='test_Cases.TS_3.click_bNa()'><b>click_bNa</b><br>Test class: test_Cases.TS_3</td>
<td></td>
<td>0</td>
<td>test_Cases.TS_3@273444fe</td></tr>
<tr>
<td title='test_Cases.TS_3.recipient_info()'><b>recipient_info</b><br>Test class: test_Cases.TS_3</td>
<td></td>
<td>1</td>
<td>test_Cases.TS_3@273444fe</td></tr>
<tr>
<td title='test_Cases.TS_Login.LoginClick()'><b>LoginClick</b><br>Test class: test_Cases.TS_Login</td>
<td></td>
<td>5</td>
<td>test_Cases.TS_Login@48075da3</td></tr>
<tr>
<td title='test_Cases.TS_3.senders_info()'><b>senders_info</b><br>Test class: test_Cases.TS_3</td>
<td></td>
<td>1</td>
<td>test_Cases.TS_3@273444fe</td></tr>
<tr>
<td title='test_Cases.TS_Login.Error_Navigate()'><b>Error_Navigate</b><br>Test class: test_Cases.TS_Login</td>
<td></td>
<td>6</td>
<td>test_Cases.TS_Login@48075da3</td></tr>
<tr>
<td title='test_Cases.TS_2.hover_price()'><b>hover_price</b><br>Test class: test_Cases.TS_2</td>
<td></td>
<td>2</td>
<td>test_Cases.TS_2@16eb3ea3</td></tr>
<tr>
<td title='test_Cases.TS_2.Storage_Stock()'><b>Storage_Stock</b><br>Test class: test_Cases.TS_2</td>
<td></td>
<td>0</td>
<td>test_Cases.TS_2@16eb3ea3</td></tr>
<tr>
<td title='test_Cases.TS_3.gift_info()'><b>gift_info</b><br>Test class: test_Cases.TS_3</td>
<td></td>
<td>4</td>
<td>test_Cases.TS_3@273444fe</td></tr>
<tr>
<td title='test_Cases.TS_1.BookShelve()'><b>BookShelve</b><br>Test class: test_Cases.TS_1</td>
<td></td>
<td>5</td>
<td>test_Cases.TS_1@413d1baf</td></tr>
<tr>
<td title='test_Cases.TS_1.Handle_Popup()'><b>Handle_Popup</b><br>Test class: test_Cases.TS_1</td>
<td></td>
<td>6</td>
<td>test_Cases.TS_1@413d1baf</td></tr>
<tr>
<td title='test_Cases.TS_Login.InvalidLogin()'><b>InvalidLogin</b><br>Test class: test_Cases.TS_Login</td>
<td></td>
<td>5</td>
<td>test_Cases.TS_Login@48075da3</td></tr>
<tr>
<td title='test_Cases.TS_Login.ValidLogin()'><b>ValidLogin</b><br>Test class: test_Cases.TS_Login</td>
<td></td>
<td>9</td>
<td>test_Cases.TS_Login@48075da3</td></tr>
</table><p>
</body>
</html>